# Logfile created on 2017-07-06 11:50:15 -0600 by logger.rb/56438
  INFO ---------------------------------------------------------------------------
  INFO START 2017-07-06 11:50:15 -0600 cap production deploy:check
  INFO ---------------------------------------------------------------------------
 DEBUG [6504918a] Running [ -d ~/.rvm ] as ejlinks@ambartienda.com
 DEBUG [6504918a] Command: [ -d ~/.rvm ]
  INFO ---------------------------------------------------------------------------
  INFO START 2017-07-06 11:50:55 -0600 cap production deploy
  INFO ---------------------------------------------------------------------------
 DEBUG [033ba70b] Running [ -d ~/.rvm ] as ejlinks@ambartienda.com
 DEBUG [033ba70b] Command: [ -d ~/.rvm ]
  INFO ---------------------------------------------------------------------------
  INFO START 2017-07-06 11:52:01 -0600 cap production deploy:check
  INFO ---------------------------------------------------------------------------
 DEBUG [9d62f8ea] Running [ -d ~/.rvm ] as ejlinks@ambartienda.com
 DEBUG [9d62f8ea] Command: [ -d ~/.rvm ]
  INFO ---------------------------------------------------------------------------
  INFO START 2017-07-06 11:52:45 -0600 cap production deploy:check
  INFO ---------------------------------------------------------------------------
 DEBUG [4aeb0d8d] Running [ -d ~/.rvm ] as ejlinks@ambartienda.com
 DEBUG [4aeb0d8d] Command: [ -d ~/.rvm ]
  INFO ---------------------------------------------------------------------------
  INFO START 2017-07-06 11:54:19 -0600 cap production deploy:check
  INFO ---------------------------------------------------------------------------
 DEBUG [746adca5] Running [ -d ~/.rvm ] as ejlinks@ambartienda.com
 DEBUG [a71c4c94] Running [ -d ~/.rvm ] as ejlinks@ambartienda.com
 DEBUG [746adca5] Command: [ -d ~/.rvm ]
 DEBUG [a71c4c94] Command: [ -d ~/.rvm ]
 DEBUG [a71c4c94] Finished in 4.532 seconds with exit status 1 (failed).
 DEBUG [ec7abc9f] Running [ -d /usr/local/rvm ] as ejlinks@ambartienda.com
 DEBUG [ec7abc9f] Command: [ -d /usr/local/rvm ]
 DEBUG [ec7abc9f] Finished in 1.062 seconds with exit status 1 (failed).
  INFO ---------------------------------------------------------------------------
  INFO START 2017-07-06 11:55:20 -0600 cap production deploy:check
  INFO ---------------------------------------------------------------------------
 DEBUG [597f8fe8] Running [ -d ~/.rvm ] as ejlinks@ambartienda.com
 DEBUG [d3577980] Running [ -d ~/.rvm ] as ejlinks@ambartienda.com
 DEBUG [597f8fe8] Command: [ -d ~/.rvm ]
 DEBUG [d3577980] Command: [ -d ~/.rvm ]
 DEBUG [597f8fe8] Finished in 4.030 seconds with exit status 1 (failed).
 DEBUG [163d050d] Running [ -d /usr/local/rvm ] as ejlinks@ambartienda.com
 DEBUG [163d050d] Command: [ -d /usr/local/rvm ]
 DEBUG [163d050d] Finished in 1.224 seconds with exit status 1 (failed).
  INFO ---------------------------------------------------------------------------
  INFO START 2017-07-06 11:57:31 -0600 cap production deploy:check
  INFO ---------------------------------------------------------------------------
 DEBUG [fb0e64c9] Running [ -d ~/.rvm ] as ejlinks@ambartienda.com
 DEBUG [cd9ce846] Running [ -d ~/.rvm ] as ejlinks@ambartienda.com
 DEBUG [fb0e64c9] Command: [ -d ~/.rvm ]
 DEBUG [cd9ce846] Command: [ -d ~/.rvm ]
 DEBUG [fb0e64c9] Finished in 3.768 seconds with exit status 1 (failed).
 DEBUG [0fbebaab] Running [ -d /usr/local/rvm ] as ejlinks@ambartienda.com
 DEBUG [0fbebaab] Command: [ -d /usr/local/rvm ]
 DEBUG [0fbebaab] Finished in 1.040 seconds with exit status 1 (failed).
  INFO ---------------------------------------------------------------------------
  INFO START 2017-07-06 12:07:41 -0600 cap production deploy:check
  INFO ---------------------------------------------------------------------------
 DEBUG [81e86b9f] Running [ -d ~/.rvm ] as ejlinks@ambartienda.com
 DEBUG [84c1944f] Running [ -d ~/.rvm ] as ejlinks@ambartienda.com
 DEBUG [81e86b9f] Command: [ -d ~/.rvm ]
 DEBUG [84c1944f] Command: [ -d ~/.rvm ]
 DEBUG [81e86b9f] Finished in 4.041 seconds with exit status 1 (failed).
 DEBUG [bc1d8de9] Running [ -d /usr/local/rvm ] as ejlinks@ambartienda.com
 DEBUG [bc1d8de9] Command: [ -d /usr/local/rvm ]
 DEBUG [bc1d8de9] Finished in 1.158 seconds with exit status 1 (failed).
  INFO ---------------------------------------------------------------------------
  INFO START 2017-07-06 12:10:52 -0600 cap production deploy:check
  INFO ---------------------------------------------------------------------------
 DEBUG [2c008795] Running [ -d ~/.rvm ] as ejlinks@184.173.196.196
 DEBUG [91fcacb3] Running [ -d ~/.rvm ] as ejlinks@ambartienda.com
 DEBUG [2c008795] Command: [ -d ~/.rvm ]
 DEBUG [91fcacb3] Command: [ -d ~/.rvm ]
  INFO ---------------------------------------------------------------------------
  INFO START 2017-07-06 12:11:48 -0600 cap production deploy:check
  INFO ---------------------------------------------------------------------------
 DEBUG [35c45a29] Running [ -d ~/.rvm ] as ejlinks@ambartienda.com
 DEBUG [1093ea2e] Running [ -d ~/.rvm ] as ejlinks@ambartienda.com
 DEBUG [35c45a29] Command: [ -d ~/.rvm ]
 DEBUG [1093ea2e] Command: [ -d ~/.rvm ]
 DEBUG [35c45a29] Finished in 3.945 seconds with exit status 1 (failed).
 DEBUG [7b11b08c] Running [ -d /usr/local/rvm ] as ejlinks@ambartienda.com
 DEBUG [7b11b08c] Command: [ -d /usr/local/rvm ]
 DEBUG [7b11b08c] Finished in 1.143 seconds with exit status 1 (failed).
  INFO ---------------------------------------------------------------------------
  INFO START 2017-07-06 12:13:20 -0600 cap production deploy:check
  INFO ---------------------------------------------------------------------------
 DEBUG [a7d20b38] Running [ -d ~/.rvm ] as ejlinks@192.185.52.137
 DEBUG [78f7580c] Running [ -d ~/.rvm ] as ejlinks@ambartienda.com
 DEBUG [a7d20b38] Command: [ -d ~/.rvm ]
 DEBUG [78f7580c] Command: [ -d ~/.rvm ]
 DEBUG [a7d20b38] Finished in 4.312 seconds with exit status 1 (failed).
 DEBUG [963087ba] Running [ -d /usr/local/rvm ] as ejlinks@192.185.52.137
 DEBUG [963087ba] Command: [ -d /usr/local/rvm ]
 DEBUG [963087ba] Finished in 1.308 seconds with exit status 1 (failed).
  INFO ---------------------------------------------------------------------------
  INFO START 2017-07-06 12:14:15 -0600 cap production deploy:check
  INFO ---------------------------------------------------------------------------
 DEBUG [53946452] Running [ -d ~/.rvm ] as ejlinks@192.185.52.137
 DEBUG [c97775ff] Running [ -d ~/.rvm ] as ejlinks@ambartienda.com
 DEBUG [53946452] Command: [ -d ~/.rvm ]
 DEBUG [c97775ff] Command: [ -d ~/.rvm ]
 DEBUG [53946452] Finished in 3.927 seconds with exit status 1 (failed).
 DEBUG [f21f696f] Running [ -d /usr/local/rvm ] as ejlinks@192.185.52.137
 DEBUG [f21f696f] Command: [ -d /usr/local/rvm ]
 DEBUG [f21f696f] Finished in 1.142 seconds with exit status 1 (failed).
  INFO ---------------------------------------------------------------------------
  INFO START 2017-07-06 12:15:32 -0600 cap production deploy:check
  INFO ---------------------------------------------------------------------------
 DEBUG [ae166090] Running [ -d ~/.rvm ] as ejlinks@192.185.52.137
 DEBUG [939e0f49] Running [ -d ~/.rvm ] as ejlinks@ambartienda.com
 DEBUG [ae166090] Command: [ -d ~/.rvm ]
 DEBUG [939e0f49] Command: [ -d ~/.rvm ]
 DEBUG [ae166090] Finished in 4.055 seconds with exit status 1 (failed).
 DEBUG [dffaa0ae] Running [ -d /usr/local/rvm ] as ejlinks@192.185.52.137
 DEBUG [dffaa0ae] Command: [ -d /usr/local/rvm ]
 DEBUG [dffaa0ae] Finished in 1.093 seconds with exit status 1 (failed).
  INFO ---------------------------------------------------------------------------
  INFO START 2017-07-06 12:16:25 -0600 cap production deploy:check
  INFO ---------------------------------------------------------------------------
 DEBUG [e9d63247] Running [ -d ~/.rvm ] as ejlinks@{192.185.52.137
 DEBUG [1bf23953] Running [ -d ~/.rvm ] as ejlinks@ambartienda.com
 DEBUG [e9d63247] Command: [ -d ~/.rvm ]
 DEBUG [1bf23953] Command: [ -d ~/.rvm ]
  INFO ---------------------------------------------------------------------------
  INFO START 2017-07-06 12:18:56 -0600 cap production deploy:check
  INFO ---------------------------------------------------------------------------
 DEBUG [786ebe61] Running [ -d ~/.rvm ] as ejlinks@192.185.52.137
 DEBUG [7c5e1491] Running [ -d ~/.rvm ] as ejlinks@ambartienda.com
 DEBUG [786ebe61] Command: [ -d ~/.rvm ]
 DEBUG [7c5e1491] Command: [ -d ~/.rvm ]
 DEBUG [786ebe61] Finished in 5.151 seconds with exit status 1 (failed).
 DEBUG [f4d0ad1b] Running [ -d /usr/local/rvm ] as ejlinks@192.185.52.137
 DEBUG [f4d0ad1b] Command: [ -d /usr/local/rvm ]
 DEBUG [f4d0ad1b] Finished in 1.394 seconds with exit status 1 (failed).
  INFO ---------------------------------------------------------------------------
  INFO START 2017-07-06 12:23:41 -0600 cap production deploy:check
  INFO ---------------------------------------------------------------------------
 DEBUG [5bb77e8c] Running [ -d ~/.rvm ] as ejlinks@192.185.52.137
 DEBUG [efc37368] Running [ -d ~/.rvm ] as ejlinks@ambartienda.com
 DEBUG [5bb77e8c] Command: [ -d ~/.rvm ]
 DEBUG [efc37368] Command: [ -d ~/.rvm ]
 DEBUG [5bb77e8c] Finished in 3.998 seconds with exit status 1 (failed).
 DEBUG [950e7433] Running [ -d /usr/local/rvm ] as ejlinks@192.185.52.137
 DEBUG [950e7433] Command: [ -d /usr/local/rvm ]
 DEBUG [950e7433] Finished in 1.110 seconds with exit status 1 (failed).
